[debug] [2024-03-07T12:06:36.382Z] ----------------------------------------------------------------------
[debug] [2024-03-07T12:06:36.386Z] Command:       C:\Program Files\nodejs\node.exe C:\Users\himan\AppData\Roaming\npm\node_modules\firebase-tools\lib\bin\firebase.js init
[debug] [2024-03-07T12:06:36.387Z] CLI Version:   13.4.0
[debug] [2024-03-07T12:06:36.387Z] Platform:      win32
[debug] [2024-03-07T12:06:36.388Z] Node Version:  v20.11.0
[debug] [2024-03-07T12:06:36.388Z] Time:          Thu Mar 07 2024 17:36:36 GMT+0530 (India Standard Time)
[debug] [2024-03-07T12:06:36.388Z] ----------------------------------------------------------------------
[debug] 
[debug] [2024-03-07T12:06:36.392Z] >>> [apiv2][query] GET https://firebase-public.firebaseio.com/cli.json [none]
[debug] [2024-03-07T12:06:36.461Z] > command requires scopes: ["email","openid","https://www.googleapis.com/auth/cloudplatformprojects.readonly","https://www.googleapis.com/auth/firebase","https://www.googleapis.com/auth/cloud-platform"]
[debug] [2024-03-07T12:06:36.461Z] > authorizing via signed-in user (himanshugahlot248@gmail.com)
[info] 
     ######## #### ########  ######## ########     ###     ######  ########
     ##        ##  ##     ## ##       ##     ##  ##   ##  ##       ##
     ######    ##  ########  ######   ########  #########  ######  ######
     ##        ##  ##    ##  ##       ##     ## ##     ##       ## ##
     ##       #### ##     ## ######## ########  ##     ##  ######  ########

You're about to initialize a Firebase project in this directory:

  C:\Users\himan\OneDrive\Desktop\Project

[debug] [2024-03-07T12:06:37.227Z] <<< [apiv2][status] GET https://firebase-public.firebaseio.com/cli.json 200
[debug] [2024-03-07T12:06:37.227Z] <<< [apiv2][body] GET https://firebase-public.firebaseio.com/cli.json {"cloudBuildErrorAfter":1594252800000,"cloudBuildWarnAfter":1590019200000,"defaultNode10After":1594252800000,"minVersion":"3.0.5","node8DeploysDisabledAfter":1613390400000,"node8RuntimeDisabledAfter":1615809600000,"node8WarnAfter":1600128000000}
[info] 
=== Project Setup
[info] 
[info] First, let's associate this project directory with a Firebase project.
[info] You can create multiple project aliases by running firebase use --add, 
[info] but for now we'll just set up a default project.
[info] 
[debug] [2024-03-07T12:07:19.936Z] >>> [apiv2][query] GET https://firebase.googleapis.com/v1beta1/projects pageSize=100
[debug] [2024-03-07T12:07:21.104Z] <<< [apiv2][status] GET https://firebase.googleapis.com/v1beta1/projects 200
[debug] [2024-03-07T12:07:21.104Z] <<< [apiv2][body] GET https://firebase.googleapis.com/v1beta1/projects [omitted]
[info] i  Using project u-groww (U-GROWW ) 
[info] 
=== Database Setup
[info] i  database: ensuring required API firebasedatabase.googleapis.com is enabled... 
[debug] [2024-03-07T12:08:07.118Z] >>> [apiv2][query] GET https://serviceusage.googleapis.com/v1/projects/u-groww/services/firebasedatabase.googleapis.com [none]
[debug] [2024-03-07T12:08:07.118Z] >>> [apiv2][(partial)header] GET https://serviceusage.googleapis.com/v1/projects/u-groww/services/firebasedatabase.googleapis.com x-goog-quota-user=projects/u-groww
[debug] [2024-03-07T12:08:16.256Z] <<< [apiv2][status] GET https://serviceusage.googleapis.com/v1/projects/u-groww/services/firebasedatabase.googleapis.com 200
[debug] [2024-03-07T12:08:16.256Z] <<< [apiv2][body] GET https://serviceusage.googleapis.com/v1/projects/u-groww/services/firebasedatabase.googleapis.com [omitted]
[warn] !  database: missing required API firebasedatabase.googleapis.com. Enabling now... 
[debug] [2024-03-07T12:08:16.258Z] >>> [apiv2][query] POST https://serviceusage.googleapis.com/v1/projects/u-groww/services/firebasedatabase.googleapis.com:enable [none]
[debug] [2024-03-07T12:08:16.258Z] >>> [apiv2][(partial)header] POST https://serviceusage.googleapis.com/v1/projects/u-groww/services/firebasedatabase.googleapis.com:enable x-goog-quota-user=projects/u-groww
[debug] [2024-03-07T12:08:16.924Z] <<< [apiv2][status] POST https://serviceusage.googleapis.com/v1/projects/u-groww/services/firebasedatabase.googleapis.com:enable 200
[debug] [2024-03-07T12:08:16.925Z] <<< [apiv2][body] POST https://serviceusage.googleapis.com/v1/projects/u-groww/services/firebasedatabase.googleapis.com:enable [omitted]
[debug] [2024-03-07T12:08:26.927Z] >>> [apiv2][query] GET https://serviceusage.googleapis.com/v1/projects/u-groww/services/firebasedatabase.googleapis.com [none]
[debug] [2024-03-07T12:08:26.927Z] >>> [apiv2][(partial)header] GET https://serviceusage.googleapis.com/v1/projects/u-groww/services/firebasedatabase.googleapis.com x-goog-quota-user=projects/u-groww
[debug] [2024-03-07T12:08:28.839Z] <<< [apiv2][status] GET https://serviceusage.googleapis.com/v1/projects/u-groww/services/firebasedatabase.googleapis.com 200
[debug] [2024-03-07T12:08:28.839Z] <<< [apiv2][body] GET https://serviceusage.googleapis.com/v1/projects/u-groww/services/firebasedatabase.googleapis.com [omitted]
[info] +  database: required API firebasedatabase.googleapis.com is enabled 
[info] 
[debug] [2024-03-07T12:08:28.845Z] >>> [apiv2][query] GET https://firebase.googleapis.com/v1beta1/projects/u-groww [none]
[debug] [2024-03-07T12:08:29.364Z] <<< [apiv2][status] GET https://firebase.googleapis.com/v1beta1/projects/u-groww 200
[debug] [2024-03-07T12:08:29.365Z] <<< [apiv2][body] GET https://firebase.googleapis.com/v1beta1/projects/u-groww {"projectId":"u-groww","projectNumber":"137019029683","displayName":"U-GROWW ","name":"projects/u-groww","resources":{"hostingSite":"u-groww"},"state":"ACTIVE","etag":"1_168776ba-e76f-4384-93d4-78a1d15d1594"}
